<?xml version="1.0" encoding="UTF-8"?>
<testng-results skipped="0" failed="0" ignored="0" total="2" passed="2">
  <reporter-output>
  </reporter-output>
  <suite name="Default suite" duration-ms="51" started-at="2020-01-08T13:03:41Z" finished-at="2020-01-08T13:03:41Z">
    <groups>
    </groups>
    <test name="Default test" duration-ms="51" started-at="2020-01-08T13:03:41Z" finished-at="2020-01-08T13:03:41Z">
      <class name="com.skr.app.TestCases">
        <test-method status="PASS" signature="PrintCompany()[pri:0, instance:com.skr.app.TestCases@573f2bb1]" name="PrintCompany" duration-ms="14" started-at="2020-01-08T13:03:41Z" finished-at="2020-01-08T13:03:41Z">
          <reporter-output>
          </reporter-output>
        </test-method> <!-- PrintCompany -->
        <test-method status="PASS" signature="PrintName()[pri:0, instance:com.skr.app.TestCases@573f2bb1]" name="PrintName" duration-ms="2" started-at="2020-01-08T13:03:41Z" finished-at="2020-01-08T13:03:41Z">
          <reporter-output>
          </reporter-output>
        </test-method> <!-- PrintName -->
      </class> <!-- com.skr.app.TestCases -->
    </test> <!-- Default test -->
  </suite> <!-- Default suite -->
</testng-results>
